0 info it worked if it ends with ok
1 verbose cli [ '/Users/devinabbott/.nvm/versions/node/v5.3.0/bin/node',
1 verbose cli   '/Users/devinabbott/.nvm/versions/node/v5.3.0/bin/npm',
1 verbose cli   'run',
1 verbose cli   'server' ]
2 info using npm@3.3.12
3 info using node@v5.3.0
4 verbose run-script [ 'preserver', 'server', 'postserver' ]
5 info lifecycle file-tree-example-socket.io@1.0.0~preserver: file-tree-example-socket.io@1.0.0
6 silly lifecycle file-tree-example-socket.io@1.0.0~preserver: no script for preserver, continuing
7 info lifecycle file-tree-example-socket.io@1.0.0~server: file-tree-example-socket.io@1.0.0
8 verbose lifecycle file-tree-example-socket.io@1.0.0~server: unsafe-perm in lifecycle true
9 verbose lifecycle file-tree-example-socket.io@1.0.0~server: PATH: /Users/devinabbott/.nvm/versions/node/v5.3.0/lib/node_modules/npm/bin/node-gyp-bin:/Users/devinabbott/Projects/file-tree/packages/file-tree-example-socket.io/node_modules/.bin:/Users/devinabbott/.nvm/versions/node/v5.3.0/bin:/usr/local/bin:/usr/bin:/bin:/usr/sbin:/sbin
10 verbose lifecycle file-tree-example-socket.io@1.0.0~server: CWD: /Users/devinabbott/Projects/file-tree/packages/file-tree-example-socket.io
11 silly lifecycle file-tree-example-socket.io@1.0.0~server: Args: [ '-c', 'node server.js' ]
12 silly lifecycle file-tree-example-socket.io@1.0.0~server: Returned: code: 1  signal: null
13 info lifecycle file-tree-example-socket.io@1.0.0~server: Failed to exec server script
14 verbose stack Error: file-tree-example-socket.io@1.0.0 server: `node server.js`
14 verbose stack Exit status 1
14 verbose stack     at EventEmitter.<anonymous> (/Users/devinabbott/.nvm/versions/node/v5.3.0/lib/node_modules/npm/lib/utils/lifecycle.js:232:16)
14 verbose stack     at emitTwo (events.js:87:13)
14 verbose stack     at EventEmitter.emit (events.js:172:7)
14 verbose stack     at ChildProcess.<anonymous> (/Users/devinabbott/.nvm/versions/node/v5.3.0/lib/node_modules/npm/lib/utils/spawn.js:24:14)
14 verbose stack     at emitTwo (events.js:87:13)
14 verbose stack     at ChildProcess.emit (events.js:172:7)
14 verbose stack     at maybeClose (internal/child_process.js:818:16)
14 verbose stack     at Process.ChildProcess._handle.onexit (internal/child_process.js:211:5)
15 verbose pkgid file-tree-example-socket.io@1.0.0
16 verbose cwd /Users/devinabbott/Projects/file-tree/packages/file-tree-example-socket.io
17 error Darwin 15.2.0
18 error argv "/Users/devinabbott/.nvm/versions/node/v5.3.0/bin/node" "/Users/devinabbott/.nvm/versions/node/v5.3.0/bin/npm" "run" "server"
19 error node v5.3.0
20 error npm  v3.3.12
21 error code ELIFECYCLE
22 error file-tree-example-socket.io@1.0.0 server: `node server.js`
22 error Exit status 1
23 error Failed at the file-tree-example-socket.io@1.0.0 server script 'node server.js'.
23 error Make sure you have the latest version of node.js and npm installed.
23 error If you do, this is most likely a problem with the file-tree-example-socket.io package,
23 error not with npm itself.
23 error Tell the author that this fails on your system:
23 error     node server.js
23 error You can get their info via:
23 error     npm owner ls file-tree-example-socket.io
23 error There is likely additional logging output above.
24 verbose exit [ 1, true ]
